ERR1329824_trimmed
report file /storage/osakintu/centrifuge-out/ERR1329824_trimmed_centrifugeReport.txt
Number of iterations in EM algorithm: 673
Probability diff. (P - P_prev) in the last iteration: 8.54048e-11
Calculating abundance: 00:00:00
ERR1329875_trimmed
report file /storage/osakintu/centrifuge-out/ERR1329875_trimmed_centrifugeReport.txt
Number of iterations in EM algorithm: 1
Probability diff. (P - P_prev) in the last iteration: 0
Calculating abundance: 00:00:00
ERR9638274_trimmed
report file /storage/osakintu/centrifuge-out/ERR9638274_trimmed_centrifugeReport.txt
Number of iterations in EM algorithm: 10
Probability diff. (P - P_prev) in the last iteration: 4.7027e-15
Calculating abundance: 00:00:00
ERR9638275_trimmed
report file /storage/osakintu/centrifuge-out/ERR9638275_trimmed_centrifugeReport.txt
Number of iterations in EM algorithm: 232
Probability diff. (P - P_prev) in the last iteration: 4.5843e-11
Calculating abundance: 00:00:00
ERR9638276_trimmed
report file /storage/osakintu/centrifuge-out/ERR9638276_trimmed_centrifugeReport.txt
Number of iterations in EM algorithm: 6
Probability diff. (P - P_prev) in the last iteration: 6.79535e-13
Calculating abundance: 00:00:00
ERR9638278_trimmed
report file /storage/osakintu/centrifuge-out/ERR9638278_trimmed_centrifugeReport.txt
Number of iterations in EM algorithm: 1
Probability diff. (P - P_prev) in the last iteration: 0
Calculating abundance: 00:00:00
ERR9638281_trimmed
report file /storage/osakintu/centrifuge-out/ERR9638281_trimmed_centrifugeReport.txt
Number of iterations in EM algorithm: 4
Probability diff. (P - P_prev) in the last iteration: 2.89588e-12
Calculating abundance: 00:00:00
ERR9638283_trimmed
report file /storage/osakintu/centrifuge-out/ERR9638283_trimmed_centrifugeReport.txt
Number of iterations in EM algorithm: 3
Probability diff. (P - P_prev) in the last iteration: 0
Calculating abundance: 00:00:00
ERR9638285_trimmed
report file /storage/osakintu/centrifuge-out/ERR9638285_trimmed_centrifugeReport.txt
Number of iterations in EM algorithm: 4
Probability diff. (P - P_prev) in the last iteration: 1.02327e-13
Calculating abundance: 00:00:00
ERR9638286_trimmed
report file /storage/osakintu/centrifuge-out/ERR9638286_trimmed_centrifugeReport.txt
Number of iterations in EM algorithm: 1
Probability diff. (P - P_prev) in the last iteration: 0
Calculating abundance: 00:00:00
ERR9638287_trimmed
report file /storage/osakintu/centrifuge-out/ERR9638287_trimmed_centrifugeReport.txt
Number of iterations in EM algorithm: 1
Probability diff. (P - P_prev) in the last iteration: 0
Calculating abundance: 00:00:00
