Started analysis of ERR1329824_trimmed_1.fastq.gz
Approx 5% complete for ERR1329824_trimmed_1.fastq.gz
Approx 10% complete for ERR1329824_trimmed_1.fastq.gz
Approx 15% complete for ERR1329824_trimmed_1.fastq.gz
Approx 20% complete for ERR1329824_trimmed_1.fastq.gz
Approx 25% complete for ERR1329824_trimmed_1.fastq.gz
Approx 30% complete for ERR1329824_trimmed_1.fastq.gz
Approx 35% complete for ERR1329824_trimmed_1.fastq.gz
Approx 40% complete for ERR1329824_trimmed_1.fastq.gz
Approx 45% complete for ERR1329824_trimmed_1.fastq.gz
Approx 50% complete for ERR1329824_trimmed_1.fastq.gz
Approx 55% complete for ERR1329824_trimmed_1.fastq.gz
Approx 60% complete for ERR1329824_trimmed_1.fastq.gz
Approx 65% complete for ERR1329824_trimmed_1.fastq.gz
Approx 70% complete for ERR1329824_trimmed_1.fastq.gz
Approx 75% complete for ERR1329824_trimmed_1.fastq.gz
Approx 80% complete for ERR1329824_trimmed_1.fastq.gz
Approx 85% complete for ERR1329824_trimmed_1.fastq.gz
Approx 90% complete for ERR1329824_trimmed_1.fastq.gz
Approx 95% complete for ERR1329824_trimmed_1.fastq.gz
Analysis complete for ERR1329824_trimmed_1.fastq.gz
Started analysis of ERR1329824_trimmed_2.fastq.gz
Approx 5% complete for ERR1329824_trimmed_2.fastq.gz
Approx 10% complete for ERR1329824_trimmed_2.fastq.gz
Approx 15% complete for ERR1329824_trimmed_2.fastq.gz
Approx 20% complete for ERR1329824_trimmed_2.fastq.gz
Approx 25% complete for ERR1329824_trimmed_2.fastq.gz
Approx 30% complete for ERR1329824_trimmed_2.fastq.gz
Approx 35% complete for ERR1329824_trimmed_2.fastq.gz
Approx 40% complete for ERR1329824_trimmed_2.fastq.gz
Approx 45% complete for ERR1329824_trimmed_2.fastq.gz
Approx 50% complete for ERR1329824_trimmed_2.fastq.gz
Approx 55% complete for ERR1329824_trimmed_2.fastq.gz
Approx 60% complete for ERR1329824_trimmed_2.fastq.gz
Approx 65% complete for ERR1329824_trimmed_2.fastq.gz
Approx 70% complete for ERR1329824_trimmed_2.fastq.gz
Approx 75% complete for ERR1329824_trimmed_2.fastq.gz
Approx 80% complete for ERR1329824_trimmed_2.fastq.gz
Approx 85% complete for ERR1329824_trimmed_2.fastq.gz
Approx 90% complete for ERR1329824_trimmed_2.fastq.gz
Approx 95% complete for ERR1329824_trimmed_2.fastq.gz
Analysis complete for ERR1329824_trimmed_2.fastq.gz
Started analysis of ERR1329824_unpaired_1.fastq.gz
Approx 5% complete for ERR1329824_unpaired_1.fastq.gz
Approx 10% complete for ERR1329824_unpaired_1.fastq.gz
Approx 15% complete for ERR1329824_unpaired_1.fastq.gz
Approx 20% complete for ERR1329824_unpaired_1.fastq.gz
Approx 25% complete for ERR1329824_unpaired_1.fastq.gz
Approx 30% complete for ERR1329824_unpaired_1.fastq.gz
Approx 35% complete for ERR1329824_unpaired_1.fastq.gz
Approx 40% complete for ERR1329824_unpaired_1.fastq.gz
Approx 45% complete for ERR1329824_unpaired_1.fastq.gz
Approx 50% complete for ERR1329824_unpaired_1.fastq.gz
Approx 55% complete for ERR1329824_unpaired_1.fastq.gz
Approx 60% complete for ERR1329824_unpaired_1.fastq.gz
Approx 65% complete for ERR1329824_unpaired_1.fastq.gz
Approx 70% complete for ERR1329824_unpaired_1.fastq.gz
Approx 75% complete for ERR1329824_unpaired_1.fastq.gz
Approx 80% complete for ERR1329824_unpaired_1.fastq.gz
Approx 85% complete for ERR1329824_unpaired_1.fastq.gz
Approx 90% complete for ERR1329824_unpaired_1.fastq.gz
Approx 95% complete for ERR1329824_unpaired_1.fastq.gz
Analysis complete for ERR1329824_unpaired_1.fastq.gz
Started analysis of ERR1329824_unpaired_2.fastq.gz
Approx 5% complete for ERR1329824_unpaired_2.fastq.gz
Approx 10% complete for ERR1329824_unpaired_2.fastq.gz
Approx 15% complete for ERR1329824_unpaired_2.fastq.gz
Approx 20% complete for ERR1329824_unpaired_2.fastq.gz
Approx 25% complete for ERR1329824_unpaired_2.fastq.gz
Approx 30% complete for ERR1329824_unpaired_2.fastq.gz
Approx 35% complete for ERR1329824_unpaired_2.fastq.gz
Approx 40% complete for ERR1329824_unpaired_2.fastq.gz
Approx 45% complete for ERR1329824_unpaired_2.fastq.gz
Approx 50% complete for ERR1329824_unpaired_2.fastq.gz
Approx 55% complete for ERR1329824_unpaired_2.fastq.gz
Approx 60% complete for ERR1329824_unpaired_2.fastq.gz
Approx 65% complete for ERR1329824_unpaired_2.fastq.gz
Approx 70% complete for ERR1329824_unpaired_2.fastq.gz
Approx 75% complete for ERR1329824_unpaired_2.fastq.gz
Approx 80% complete for ERR1329824_unpaired_2.fastq.gz
Approx 85% complete for ERR1329824_unpaired_2.fastq.gz
Approx 90% complete for ERR1329824_unpaired_2.fastq.gz
Approx 95% complete for ERR1329824_unpaired_2.fastq.gz
Approx 100% complete for ERR1329824_unpaired_2.fastq.gz
Analysis complete for ERR1329824_unpaired_2.fastq.gz
Started analysis of ERR1329875_trimmed_1.fastq.gz
Approx 5% complete for ERR1329875_trimmed_1.fastq.gz
Approx 10% complete for ERR1329875_trimmed_1.fastq.gz
Approx 15% complete for ERR1329875_trimmed_1.fastq.gz
Approx 20% complete for ERR1329875_trimmed_1.fastq.gz
Approx 25% complete for ERR1329875_trimmed_1.fastq.gz
Approx 30% complete for ERR1329875_trimmed_1.fastq.gz
Approx 35% complete for ERR1329875_trimmed_1.fastq.gz
Approx 40% complete for ERR1329875_trimmed_1.fastq.gz
Approx 45% complete for ERR1329875_trimmed_1.fastq.gz
Approx 50% complete for ERR1329875_trimmed_1.fastq.gz
Approx 55% complete for ERR1329875_trimmed_1.fastq.gz
Approx 60% complete for ERR1329875_trimmed_1.fastq.gz
Approx 65% complete for ERR1329875_trimmed_1.fastq.gz
Approx 70% complete for ERR1329875_trimmed_1.fastq.gz
Approx 75% complete for ERR1329875_trimmed_1.fastq.gz
Approx 80% complete for ERR1329875_trimmed_1.fastq.gz
Approx 85% complete for ERR1329875_trimmed_1.fastq.gz
Approx 90% complete for ERR1329875_trimmed_1.fastq.gz
Approx 95% complete for ERR1329875_trimmed_1.fastq.gz
Analysis complete for ERR1329875_trimmed_1.fastq.gz
Started analysis of ERR1329875_trimmed_2.fastq.gz
Approx 5% complete for ERR1329875_trimmed_2.fastq.gz
Approx 10% complete for ERR1329875_trimmed_2.fastq.gz
Approx 15% complete for ERR1329875_trimmed_2.fastq.gz
Approx 20% complete for ERR1329875_trimmed_2.fastq.gz
Approx 25% complete for ERR1329875_trimmed_2.fastq.gz
Approx 30% complete for ERR1329875_trimmed_2.fastq.gz
Approx 35% complete for ERR1329875_trimmed_2.fastq.gz
Approx 40% complete for ERR1329875_trimmed_2.fastq.gz
Approx 45% complete for ERR1329875_trimmed_2.fastq.gz
Approx 50% complete for ERR1329875_trimmed_2.fastq.gz
Approx 55% complete for ERR1329875_trimmed_2.fastq.gz
Approx 60% complete for ERR1329875_trimmed_2.fastq.gz
Approx 65% complete for ERR1329875_trimmed_2.fastq.gz
Approx 70% complete for ERR1329875_trimmed_2.fastq.gz
Approx 75% complete for ERR1329875_trimmed_2.fastq.gz
Approx 80% complete for ERR1329875_trimmed_2.fastq.gz
Approx 85% complete for ERR1329875_trimmed_2.fastq.gz
Approx 90% complete for ERR1329875_trimmed_2.fastq.gz
Approx 95% complete for ERR1329875_trimmed_2.fastq.gz
Analysis complete for ERR1329875_trimmed_2.fastq.gz
Started analysis of ERR1329875_unpaired_1.fastq.gz
Approx 10% complete for ERR1329875_unpaired_1.fastq.gz
Approx 20% complete for ERR1329875_unpaired_1.fastq.gz
Approx 35% complete for ERR1329875_unpaired_1.fastq.gz
Approx 45% complete for ERR1329875_unpaired_1.fastq.gz
Approx 55% complete for ERR1329875_unpaired_1.fastq.gz
Approx 65% complete for ERR1329875_unpaired_1.fastq.gz
Approx 80% complete for ERR1329875_unpaired_1.fastq.gz
Approx 90% complete for ERR1329875_unpaired_1.fastq.gz
Analysis complete for ERR1329875_unpaired_1.fastq.gz
Started analysis of ERR1329875_unpaired_2.fastq.gz
Approx 30% complete for ERR1329875_unpaired_2.fastq.gz
Approx 60% complete for ERR1329875_unpaired_2.fastq.gz
Approx 95% complete for ERR1329875_unpaired_2.fastq.gz
Analysis complete for ERR1329875_unpaired_2.fastq.gz
Started analysis of ERR9638274_trimmed_1.fastq.gz
Approx 5% complete for ERR9638274_trimmed_1.fastq.gz
Approx 10% complete for ERR9638274_trimmed_1.fastq.gz
Approx 15% complete for ERR9638274_trimmed_1.fastq.gz
Approx 20% complete for ERR9638274_trimmed_1.fastq.gz
Approx 25% complete for ERR9638274_trimmed_1.fastq.gz
Approx 30% complete for ERR9638274_trimmed_1.fastq.gz
Approx 35% complete for ERR9638274_trimmed_1.fastq.gz
Approx 40% complete for ERR9638274_trimmed_1.fastq.gz
Approx 45% complete for ERR9638274_trimmed_1.fastq.gz
Approx 50% complete for ERR9638274_trimmed_1.fastq.gz
Approx 55% complete for ERR9638274_trimmed_1.fastq.gz
Approx 60% complete for ERR9638274_trimmed_1.fastq.gz
Approx 65% complete for ERR9638274_trimmed_1.fastq.gz
Approx 70% complete for ERR9638274_trimmed_1.fastq.gz
Approx 75% complete for ERR9638274_trimmed_1.fastq.gz
Approx 80% complete for ERR9638274_trimmed_1.fastq.gz
Approx 85% complete for ERR9638274_trimmed_1.fastq.gz
Approx 90% complete for ERR9638274_trimmed_1.fastq.gz
Approx 95% complete for ERR9638274_trimmed_1.fastq.gz
Analysis complete for ERR9638274_trimmed_1.fastq.gz
Started analysis of ERR9638274_trimmed_2.fastq.gz
Approx 5% complete for ERR9638274_trimmed_2.fastq.gz
Approx 10% complete for ERR9638274_trimmed_2.fastq.gz
Approx 15% complete for ERR9638274_trimmed_2.fastq.gz
Approx 20% complete for ERR9638274_trimmed_2.fastq.gz
Approx 25% complete for ERR9638274_trimmed_2.fastq.gz
Approx 30% complete for ERR9638274_trimmed_2.fastq.gz
Approx 35% complete for ERR9638274_trimmed_2.fastq.gz
Approx 40% complete for ERR9638274_trimmed_2.fastq.gz
Approx 45% complete for ERR9638274_trimmed_2.fastq.gz
Approx 50% complete for ERR9638274_trimmed_2.fastq.gz
Approx 55% complete for ERR9638274_trimmed_2.fastq.gz
Approx 60% complete for ERR9638274_trimmed_2.fastq.gz
Approx 65% complete for ERR9638274_trimmed_2.fastq.gz
Approx 70% complete for ERR9638274_trimmed_2.fastq.gz
Approx 75% complete for ERR9638274_trimmed_2.fastq.gz
Approx 80% complete for ERR9638274_trimmed_2.fastq.gz
Approx 85% complete for ERR9638274_trimmed_2.fastq.gz
Approx 90% complete for ERR9638274_trimmed_2.fastq.gz
Approx 95% complete for ERR9638274_trimmed_2.fastq.gz
Analysis complete for ERR9638274_trimmed_2.fastq.gz
Started analysis of ERR9638274_unpaired_1.fastq.gz
Approx 5% complete for ERR9638274_unpaired_1.fastq.gz
Approx 10% complete for ERR9638274_unpaired_1.fastq.gz
Approx 15% complete for ERR9638274_unpaired_1.fastq.gz
Approx 20% complete for ERR9638274_unpaired_1.fastq.gz
Approx 25% complete for ERR9638274_unpaired_1.fastq.gz
Approx 30% complete for ERR9638274_unpaired_1.fastq.gz
Approx 35% complete for ERR9638274_unpaired_1.fastq.gz
Approx 40% complete for ERR9638274_unpaired_1.fastq.gz
Approx 45% complete for ERR9638274_unpaired_1.fastq.gz
Approx 50% complete for ERR9638274_unpaired_1.fastq.gz
Approx 55% complete for ERR9638274_unpaired_1.fastq.gz
Approx 60% complete for ERR9638274_unpaired_1.fastq.gz
Approx 65% complete for ERR9638274_unpaired_1.fastq.gz
Approx 70% complete for ERR9638274_unpaired_1.fastq.gz
Approx 75% complete for ERR9638274_unpaired_1.fastq.gz
Approx 80% complete for ERR9638274_unpaired_1.fastq.gz
Approx 85% complete for ERR9638274_unpaired_1.fastq.gz
Approx 90% complete for ERR9638274_unpaired_1.fastq.gz
Approx 95% complete for ERR9638274_unpaired_1.fastq.gz
Analysis complete for ERR9638274_unpaired_1.fastq.gz
Started analysis of ERR9638274_unpaired_2.fastq.gz
Approx 5% complete for ERR9638274_unpaired_2.fastq.gz
Approx 10% complete for ERR9638274_unpaired_2.fastq.gz
Approx 15% complete for ERR9638274_unpaired_2.fastq.gz
Approx 20% complete for ERR9638274_unpaired_2.fastq.gz
Approx 25% complete for ERR9638274_unpaired_2.fastq.gz
Approx 30% complete for ERR9638274_unpaired_2.fastq.gz
Approx 35% complete for ERR9638274_unpaired_2.fastq.gz
Approx 40% complete for ERR9638274_unpaired_2.fastq.gz
Approx 45% complete for ERR9638274_unpaired_2.fastq.gz
Approx 50% complete for ERR9638274_unpaired_2.fastq.gz
Approx 55% complete for ERR9638274_unpaired_2.fastq.gz
Approx 60% complete for ERR9638274_unpaired_2.fastq.gz
Approx 65% complete for ERR9638274_unpaired_2.fastq.gz
Approx 70% complete for ERR9638274_unpaired_2.fastq.gz
Approx 75% complete for ERR9638274_unpaired_2.fastq.gz
Approx 80% complete for ERR9638274_unpaired_2.fastq.gz
Approx 85% complete for ERR9638274_unpaired_2.fastq.gz
Approx 90% complete for ERR9638274_unpaired_2.fastq.gz
Approx 95% complete for ERR9638274_unpaired_2.fastq.gz
Analysis complete for ERR9638274_unpaired_2.fastq.gz
Started analysis of ERR9638275_trimmed_1.fastq.gz
Approx 5% complete for ERR9638275_trimmed_1.fastq.gz
Approx 10% complete for ERR9638275_trimmed_1.fastq.gz
Approx 15% complete for ERR9638275_trimmed_1.fastq.gz
Approx 20% complete for ERR9638275_trimmed_1.fastq.gz
Approx 25% complete for ERR9638275_trimmed_1.fastq.gz
Approx 30% complete for ERR9638275_trimmed_1.fastq.gz
Approx 35% complete for ERR9638275_trimmed_1.fastq.gz
Approx 40% complete for ERR9638275_trimmed_1.fastq.gz
Approx 45% complete for ERR9638275_trimmed_1.fastq.gz
Approx 50% complete for ERR9638275_trimmed_1.fastq.gz
Approx 55% complete for ERR9638275_trimmed_1.fastq.gz
Approx 60% complete for ERR9638275_trimmed_1.fastq.gz
Approx 65% complete for ERR9638275_trimmed_1.fastq.gz
Approx 70% complete for ERR9638275_trimmed_1.fastq.gz
Approx 75% complete for ERR9638275_trimmed_1.fastq.gz
Approx 80% complete for ERR9638275_trimmed_1.fastq.gz
Approx 85% complete for ERR9638275_trimmed_1.fastq.gz
Approx 90% complete for ERR9638275_trimmed_1.fastq.gz
Approx 95% complete for ERR9638275_trimmed_1.fastq.gz
Analysis complete for ERR9638275_trimmed_1.fastq.gz
Started analysis of ERR9638275_trimmed_2.fastq.gz
Approx 5% complete for ERR9638275_trimmed_2.fastq.gz
Approx 10% complete for ERR9638275_trimmed_2.fastq.gz
Approx 15% complete for ERR9638275_trimmed_2.fastq.gz
Approx 20% complete for ERR9638275_trimmed_2.fastq.gz
Approx 25% complete for ERR9638275_trimmed_2.fastq.gz
Approx 30% complete for ERR9638275_trimmed_2.fastq.gz
Approx 35% complete for ERR9638275_trimmed_2.fastq.gz
Approx 40% complete for ERR9638275_trimmed_2.fastq.gz
Approx 45% complete for ERR9638275_trimmed_2.fastq.gz
Approx 50% complete for ERR9638275_trimmed_2.fastq.gz
Approx 55% complete for ERR9638275_trimmed_2.fastq.gz
Approx 60% complete for ERR9638275_trimmed_2.fastq.gz
Approx 65% complete for ERR9638275_trimmed_2.fastq.gz
Approx 70% complete for ERR9638275_trimmed_2.fastq.gz
Approx 75% complete for ERR9638275_trimmed_2.fastq.gz
Approx 80% complete for ERR9638275_trimmed_2.fastq.gz
Approx 85% complete for ERR9638275_trimmed_2.fastq.gz
Approx 90% complete for ERR9638275_trimmed_2.fastq.gz
Approx 95% complete for ERR9638275_trimmed_2.fastq.gz
Analysis complete for ERR9638275_trimmed_2.fastq.gz
Started analysis of ERR9638275_unpaired_1.fastq.gz
Approx 5% complete for ERR9638275_unpaired_1.fastq.gz
Approx 10% complete for ERR9638275_unpaired_1.fastq.gz
Approx 15% complete for ERR9638275_unpaired_1.fastq.gz
Approx 20% complete for ERR9638275_unpaired_1.fastq.gz
Approx 25% complete for ERR9638275_unpaired_1.fastq.gz
Approx 30% complete for ERR9638275_unpaired_1.fastq.gz
Approx 35% complete for ERR9638275_unpaired_1.fastq.gz
Approx 40% complete for ERR9638275_unpaired_1.fastq.gz
Approx 45% complete for ERR9638275_unpaired_1.fastq.gz
Approx 50% complete for ERR9638275_unpaired_1.fastq.gz
Approx 55% complete for ERR9638275_unpaired_1.fastq.gz
Approx 60% complete for ERR9638275_unpaired_1.fastq.gz
Approx 65% complete for ERR9638275_unpaired_1.fastq.gz
Approx 70% complete for ERR9638275_unpaired_1.fastq.gz
Approx 75% complete for ERR9638275_unpaired_1.fastq.gz
Approx 80% complete for ERR9638275_unpaired_1.fastq.gz
Approx 85% complete for ERR9638275_unpaired_1.fastq.gz
Approx 90% complete for ERR9638275_unpaired_1.fastq.gz
Approx 95% complete for ERR9638275_unpaired_1.fastq.gz
Analysis complete for ERR9638275_unpaired_1.fastq.gz
Started analysis of ERR9638275_unpaired_2.fastq.gz
Approx 5% complete for ERR9638275_unpaired_2.fastq.gz
Approx 10% complete for ERR9638275_unpaired_2.fastq.gz
Approx 15% complete for ERR9638275_unpaired_2.fastq.gz
Approx 20% complete for ERR9638275_unpaired_2.fastq.gz
Approx 25% complete for ERR9638275_unpaired_2.fastq.gz
Approx 30% complete for ERR9638275_unpaired_2.fastq.gz
Approx 35% complete for ERR9638275_unpaired_2.fastq.gz
Approx 40% complete for ERR9638275_unpaired_2.fastq.gz
Approx 45% complete for ERR9638275_unpaired_2.fastq.gz
Approx 50% complete for ERR9638275_unpaired_2.fastq.gz
Approx 55% complete for ERR9638275_unpaired_2.fastq.gz
Approx 60% complete for ERR9638275_unpaired_2.fastq.gz
Approx 65% complete for ERR9638275_unpaired_2.fastq.gz
Approx 70% complete for ERR9638275_unpaired_2.fastq.gz
Approx 75% complete for ERR9638275_unpaired_2.fastq.gz
Approx 80% complete for ERR9638275_unpaired_2.fastq.gz
Approx 85% complete for ERR9638275_unpaired_2.fastq.gz
Approx 90% complete for ERR9638275_unpaired_2.fastq.gz
Approx 95% complete for ERR9638275_unpaired_2.fastq.gz
Analysis complete for ERR9638275_unpaired_2.fastq.gz
Started analysis of ERR9638276_trimmed_1.fastq.gz
Approx 5% complete for ERR9638276_trimmed_1.fastq.gz
Approx 10% complete for ERR9638276_trimmed_1.fastq.gz
Approx 15% complete for ERR9638276_trimmed_1.fastq.gz
Approx 20% complete for ERR9638276_trimmed_1.fastq.gz
Approx 25% complete for ERR9638276_trimmed_1.fastq.gz
Approx 30% complete for ERR9638276_trimmed_1.fastq.gz
Approx 35% complete for ERR9638276_trimmed_1.fastq.gz
Approx 40% complete for ERR9638276_trimmed_1.fastq.gz
Approx 45% complete for ERR9638276_trimmed_1.fastq.gz
Approx 50% complete for ERR9638276_trimmed_1.fastq.gz
Approx 55% complete for ERR9638276_trimmed_1.fastq.gz
Approx 60% complete for ERR9638276_trimmed_1.fastq.gz
Approx 65% complete for ERR9638276_trimmed_1.fastq.gz
Approx 70% complete for ERR9638276_trimmed_1.fastq.gz
Approx 75% complete for ERR9638276_trimmed_1.fastq.gz
Approx 80% complete for ERR9638276_trimmed_1.fastq.gz
Approx 85% complete for ERR9638276_trimmed_1.fastq.gz
Approx 90% complete for ERR9638276_trimmed_1.fastq.gz
Approx 95% complete for ERR9638276_trimmed_1.fastq.gz
Analysis complete for ERR9638276_trimmed_1.fastq.gz
Started analysis of ERR9638276_trimmed_2.fastq.gz
Approx 5% complete for ERR9638276_trimmed_2.fastq.gz
Approx 10% complete for ERR9638276_trimmed_2.fastq.gz
Approx 15% complete for ERR9638276_trimmed_2.fastq.gz
Approx 20% complete for ERR9638276_trimmed_2.fastq.gz
Approx 25% complete for ERR9638276_trimmed_2.fastq.gz
Approx 30% complete for ERR9638276_trimmed_2.fastq.gz
Approx 35% complete for ERR9638276_trimmed_2.fastq.gz
Approx 40% complete for ERR9638276_trimmed_2.fastq.gz
Approx 45% complete for ERR9638276_trimmed_2.fastq.gz
Approx 50% complete for ERR9638276_trimmed_2.fastq.gz
Approx 55% complete for ERR9638276_trimmed_2.fastq.gz
Approx 60% complete for ERR9638276_trimmed_2.fastq.gz
Approx 65% complete for ERR9638276_trimmed_2.fastq.gz
Approx 70% complete for ERR9638276_trimmed_2.fastq.gz
Approx 75% complete for ERR9638276_trimmed_2.fastq.gz
Approx 80% complete for ERR9638276_trimmed_2.fastq.gz
Approx 85% complete for ERR9638276_trimmed_2.fastq.gz
Approx 90% complete for ERR9638276_trimmed_2.fastq.gz
Approx 95% complete for ERR9638276_trimmed_2.fastq.gz
Analysis complete for ERR9638276_trimmed_2.fastq.gz
Started analysis of ERR9638276_unpaired_1.fastq.gz
Approx 5% complete for ERR9638276_unpaired_1.fastq.gz
Approx 10% complete for ERR9638276_unpaired_1.fastq.gz
Approx 15% complete for ERR9638276_unpaired_1.fastq.gz
Approx 20% complete for ERR9638276_unpaired_1.fastq.gz
Approx 25% complete for ERR9638276_unpaired_1.fastq.gz
Approx 30% complete for ERR9638276_unpaired_1.fastq.gz
Approx 35% complete for ERR9638276_unpaired_1.fastq.gz
Approx 40% complete for ERR9638276_unpaired_1.fastq.gz
Approx 45% complete for ERR9638276_unpaired_1.fastq.gz
Approx 50% complete for ERR9638276_unpaired_1.fastq.gz
Approx 55% complete for ERR9638276_unpaired_1.fastq.gz
Approx 60% complete for ERR9638276_unpaired_1.fastq.gz
Approx 65% complete for ERR9638276_unpaired_1.fastq.gz
Approx 70% complete for ERR9638276_unpaired_1.fastq.gz
Approx 75% complete for ERR9638276_unpaired_1.fastq.gz
Approx 80% complete for ERR9638276_unpaired_1.fastq.gz
Approx 85% complete for ERR9638276_unpaired_1.fastq.gz
Approx 90% complete for ERR9638276_unpaired_1.fastq.gz
Approx 95% complete for ERR9638276_unpaired_1.fastq.gz
Analysis complete for ERR9638276_unpaired_1.fastq.gz
Started analysis of ERR9638276_unpaired_2.fastq.gz
Approx 5% complete for ERR9638276_unpaired_2.fastq.gz
Approx 10% complete for ERR9638276_unpaired_2.fastq.gz
Approx 15% complete for ERR9638276_unpaired_2.fastq.gz
Approx 20% complete for ERR9638276_unpaired_2.fastq.gz
Approx 25% complete for ERR9638276_unpaired_2.fastq.gz
Approx 30% complete for ERR9638276_unpaired_2.fastq.gz
Approx 35% complete for ERR9638276_unpaired_2.fastq.gz
Approx 40% complete for ERR9638276_unpaired_2.fastq.gz
Approx 45% complete for ERR9638276_unpaired_2.fastq.gz
Approx 50% complete for ERR9638276_unpaired_2.fastq.gz
Approx 55% complete for ERR9638276_unpaired_2.fastq.gz
Approx 60% complete for ERR9638276_unpaired_2.fastq.gz
Approx 65% complete for ERR9638276_unpaired_2.fastq.gz
Approx 70% complete for ERR9638276_unpaired_2.fastq.gz
Approx 75% complete for ERR9638276_unpaired_2.fastq.gz
Approx 80% complete for ERR9638276_unpaired_2.fastq.gz
Approx 85% complete for ERR9638276_unpaired_2.fastq.gz
Approx 90% complete for ERR9638276_unpaired_2.fastq.gz
Approx 95% complete for ERR9638276_unpaired_2.fastq.gz
Analysis complete for ERR9638276_unpaired_2.fastq.gz
Started analysis of ERR9638278_trimmed_1.fastq.gz
Approx 5% complete for ERR9638278_trimmed_1.fastq.gz
Approx 10% complete for ERR9638278_trimmed_1.fastq.gz
Approx 15% complete for ERR9638278_trimmed_1.fastq.gz
Approx 20% complete for ERR9638278_trimmed_1.fastq.gz
Approx 25% complete for ERR9638278_trimmed_1.fastq.gz
Approx 30% complete for ERR9638278_trimmed_1.fastq.gz
Approx 35% complete for ERR9638278_trimmed_1.fastq.gz
Approx 40% complete for ERR9638278_trimmed_1.fastq.gz
Approx 45% complete for ERR9638278_trimmed_1.fastq.gz
Approx 50% complete for ERR9638278_trimmed_1.fastq.gz
Approx 55% complete for ERR9638278_trimmed_1.fastq.gz
Approx 60% complete for ERR9638278_trimmed_1.fastq.gz
Approx 65% complete for ERR9638278_trimmed_1.fastq.gz
Approx 70% complete for ERR9638278_trimmed_1.fastq.gz
Approx 75% complete for ERR9638278_trimmed_1.fastq.gz
Approx 80% complete for ERR9638278_trimmed_1.fastq.gz
Approx 85% complete for ERR9638278_trimmed_1.fastq.gz
Approx 90% complete for ERR9638278_trimmed_1.fastq.gz
Approx 95% complete for ERR9638278_trimmed_1.fastq.gz
Analysis complete for ERR9638278_trimmed_1.fastq.gz
Started analysis of ERR9638278_trimmed_2.fastq.gz
Approx 5% complete for ERR9638278_trimmed_2.fastq.gz
Approx 10% complete for ERR9638278_trimmed_2.fastq.gz
Approx 15% complete for ERR9638278_trimmed_2.fastq.gz
Approx 20% complete for ERR9638278_trimmed_2.fastq.gz
Approx 25% complete for ERR9638278_trimmed_2.fastq.gz
Approx 30% complete for ERR9638278_trimmed_2.fastq.gz
Approx 35% complete for ERR9638278_trimmed_2.fastq.gz
Approx 40% complete for ERR9638278_trimmed_2.fastq.gz
Approx 45% complete for ERR9638278_trimmed_2.fastq.gz
Approx 50% complete for ERR9638278_trimmed_2.fastq.gz
Approx 55% complete for ERR9638278_trimmed_2.fastq.gz
Approx 60% complete for ERR9638278_trimmed_2.fastq.gz
Approx 65% complete for ERR9638278_trimmed_2.fastq.gz
Approx 70% complete for ERR9638278_trimmed_2.fastq.gz
Approx 75% complete for ERR9638278_trimmed_2.fastq.gz
Approx 80% complete for ERR9638278_trimmed_2.fastq.gz
Approx 85% complete for ERR9638278_trimmed_2.fastq.gz
Approx 90% complete for ERR9638278_trimmed_2.fastq.gz
Approx 95% complete for ERR9638278_trimmed_2.fastq.gz
Analysis complete for ERR9638278_trimmed_2.fastq.gz
Started analysis of ERR9638278_unpaired_1.fastq.gz
Approx 5% complete for ERR9638278_unpaired_1.fastq.gz
Approx 10% complete for ERR9638278_unpaired_1.fastq.gz
Approx 15% complete for ERR9638278_unpaired_1.fastq.gz
Approx 20% complete for ERR9638278_unpaired_1.fastq.gz
Approx 25% complete for ERR9638278_unpaired_1.fastq.gz
Approx 30% complete for ERR9638278_unpaired_1.fastq.gz
Approx 35% complete for ERR9638278_unpaired_1.fastq.gz
Approx 40% complete for ERR9638278_unpaired_1.fastq.gz
Approx 45% complete for ERR9638278_unpaired_1.fastq.gz
Approx 50% complete for ERR9638278_unpaired_1.fastq.gz
Approx 55% complete for ERR9638278_unpaired_1.fastq.gz
Approx 60% complete for ERR9638278_unpaired_1.fastq.gz
Approx 65% complete for ERR9638278_unpaired_1.fastq.gz
Approx 70% complete for ERR9638278_unpaired_1.fastq.gz
Approx 75% complete for ERR9638278_unpaired_1.fastq.gz
Approx 80% complete for ERR9638278_unpaired_1.fastq.gz
Approx 85% complete for ERR9638278_unpaired_1.fastq.gz
Approx 90% complete for ERR9638278_unpaired_1.fastq.gz
Approx 95% complete for ERR9638278_unpaired_1.fastq.gz
Analysis complete for ERR9638278_unpaired_1.fastq.gz
Started analysis of ERR9638278_unpaired_2.fastq.gz
Approx 5% complete for ERR9638278_unpaired_2.fastq.gz
Approx 10% complete for ERR9638278_unpaired_2.fastq.gz
Approx 15% complete for ERR9638278_unpaired_2.fastq.gz
Approx 20% complete for ERR9638278_unpaired_2.fastq.gz
Approx 25% complete for ERR9638278_unpaired_2.fastq.gz
Approx 30% complete for ERR9638278_unpaired_2.fastq.gz
Approx 35% complete for ERR9638278_unpaired_2.fastq.gz
Approx 40% complete for ERR9638278_unpaired_2.fastq.gz
Approx 45% complete for ERR9638278_unpaired_2.fastq.gz
Approx 50% complete for ERR9638278_unpaired_2.fastq.gz
Approx 55% complete for ERR9638278_unpaired_2.fastq.gz
Approx 60% complete for ERR9638278_unpaired_2.fastq.gz
Approx 65% complete for ERR9638278_unpaired_2.fastq.gz
Approx 70% complete for ERR9638278_unpaired_2.fastq.gz
Approx 75% complete for ERR9638278_unpaired_2.fastq.gz
Approx 80% complete for ERR9638278_unpaired_2.fastq.gz
Approx 85% complete for ERR9638278_unpaired_2.fastq.gz
Approx 90% complete for ERR9638278_unpaired_2.fastq.gz
Approx 95% complete for ERR9638278_unpaired_2.fastq.gz
Analysis complete for ERR9638278_unpaired_2.fastq.gz
Started analysis of ERR9638281_trimmed_1.fastq.gz
Approx 5% complete for ERR9638281_trimmed_1.fastq.gz
Approx 10% complete for ERR9638281_trimmed_1.fastq.gz
Approx 15% complete for ERR9638281_trimmed_1.fastq.gz
Approx 20% complete for ERR9638281_trimmed_1.fastq.gz
Approx 25% complete for ERR9638281_trimmed_1.fastq.gz
Approx 30% complete for ERR9638281_trimmed_1.fastq.gz
Approx 35% complete for ERR9638281_trimmed_1.fastq.gz
Approx 40% complete for ERR9638281_trimmed_1.fastq.gz
Approx 45% complete for ERR9638281_trimmed_1.fastq.gz
Approx 50% complete for ERR9638281_trimmed_1.fastq.gz
Approx 55% complete for ERR9638281_trimmed_1.fastq.gz
Approx 60% complete for ERR9638281_trimmed_1.fastq.gz
Approx 65% complete for ERR9638281_trimmed_1.fastq.gz
Approx 70% complete for ERR9638281_trimmed_1.fastq.gz
Approx 75% complete for ERR9638281_trimmed_1.fastq.gz
Approx 80% complete for ERR9638281_trimmed_1.fastq.gz
Approx 85% complete for ERR9638281_trimmed_1.fastq.gz
Approx 90% complete for ERR9638281_trimmed_1.fastq.gz
Approx 95% complete for ERR9638281_trimmed_1.fastq.gz
Analysis complete for ERR9638281_trimmed_1.fastq.gz
Started analysis of ERR9638281_trimmed_2.fastq.gz
Approx 5% complete for ERR9638281_trimmed_2.fastq.gz
Approx 10% complete for ERR9638281_trimmed_2.fastq.gz
Approx 15% complete for ERR9638281_trimmed_2.fastq.gz
Approx 20% complete for ERR9638281_trimmed_2.fastq.gz
Approx 25% complete for ERR9638281_trimmed_2.fastq.gz
Approx 30% complete for ERR9638281_trimmed_2.fastq.gz
Approx 35% complete for ERR9638281_trimmed_2.fastq.gz
Approx 40% complete for ERR9638281_trimmed_2.fastq.gz
Approx 45% complete for ERR9638281_trimmed_2.fastq.gz
Approx 50% complete for ERR9638281_trimmed_2.fastq.gz
Approx 55% complete for ERR9638281_trimmed_2.fastq.gz
Approx 60% complete for ERR9638281_trimmed_2.fastq.gz
Approx 65% complete for ERR9638281_trimmed_2.fastq.gz
Approx 70% complete for ERR9638281_trimmed_2.fastq.gz
Approx 75% complete for ERR9638281_trimmed_2.fastq.gz
Approx 80% complete for ERR9638281_trimmed_2.fastq.gz
Approx 85% complete for ERR9638281_trimmed_2.fastq.gz
Approx 90% complete for ERR9638281_trimmed_2.fastq.gz
Approx 95% complete for ERR9638281_trimmed_2.fastq.gz
Analysis complete for ERR9638281_trimmed_2.fastq.gz
Started analysis of ERR9638281_unpaired_1.fastq.gz
Approx 5% complete for ERR9638281_unpaired_1.fastq.gz
Approx 10% complete for ERR9638281_unpaired_1.fastq.gz
Approx 15% complete for ERR9638281_unpaired_1.fastq.gz
Approx 20% complete for ERR9638281_unpaired_1.fastq.gz
Approx 25% complete for ERR9638281_unpaired_1.fastq.gz
Approx 30% complete for ERR9638281_unpaired_1.fastq.gz
Approx 35% complete for ERR9638281_unpaired_1.fastq.gz
Approx 40% complete for ERR9638281_unpaired_1.fastq.gz
Approx 45% complete for ERR9638281_unpaired_1.fastq.gz
Approx 50% complete for ERR9638281_unpaired_1.fastq.gz
Approx 55% complete for ERR9638281_unpaired_1.fastq.gz
Approx 60% complete for ERR9638281_unpaired_1.fastq.gz
Approx 65% complete for ERR9638281_unpaired_1.fastq.gz
Approx 70% complete for ERR9638281_unpaired_1.fastq.gz
Approx 75% complete for ERR9638281_unpaired_1.fastq.gz
Approx 80% complete for ERR9638281_unpaired_1.fastq.gz
Approx 85% complete for ERR9638281_unpaired_1.fastq.gz
Approx 90% complete for ERR9638281_unpaired_1.fastq.gz
Approx 95% complete for ERR9638281_unpaired_1.fastq.gz
Analysis complete for ERR9638281_unpaired_1.fastq.gz
Started analysis of ERR9638281_unpaired_2.fastq.gz
Approx 5% complete for ERR9638281_unpaired_2.fastq.gz
Approx 10% complete for ERR9638281_unpaired_2.fastq.gz
Approx 15% complete for ERR9638281_unpaired_2.fastq.gz
Approx 20% complete for ERR9638281_unpaired_2.fastq.gz
Approx 25% complete for ERR9638281_unpaired_2.fastq.gz
Approx 30% complete for ERR9638281_unpaired_2.fastq.gz
Approx 35% complete for ERR9638281_unpaired_2.fastq.gz
Approx 40% complete for ERR9638281_unpaired_2.fastq.gz
Approx 45% complete for ERR9638281_unpaired_2.fastq.gz
Approx 50% complete for ERR9638281_unpaired_2.fastq.gz
Approx 55% complete for ERR9638281_unpaired_2.fastq.gz
Approx 60% complete for ERR9638281_unpaired_2.fastq.gz
Approx 65% complete for ERR9638281_unpaired_2.fastq.gz
Approx 70% complete for ERR9638281_unpaired_2.fastq.gz
Approx 75% complete for ERR9638281_unpaired_2.fastq.gz
Approx 80% complete for ERR9638281_unpaired_2.fastq.gz
Approx 85% complete for ERR9638281_unpaired_2.fastq.gz
Approx 90% complete for ERR9638281_unpaired_2.fastq.gz
Approx 95% complete for ERR9638281_unpaired_2.fastq.gz
Analysis complete for ERR9638281_unpaired_2.fastq.gz
Started analysis of ERR9638283_trimmed_1.fastq.gz
Approx 5% complete for ERR9638283_trimmed_1.fastq.gz
Approx 10% complete for ERR9638283_trimmed_1.fastq.gz
Approx 15% complete for ERR9638283_trimmed_1.fastq.gz
Approx 20% complete for ERR9638283_trimmed_1.fastq.gz
Approx 25% complete for ERR9638283_trimmed_1.fastq.gz
Approx 30% complete for ERR9638283_trimmed_1.fastq.gz
Approx 35% complete for ERR9638283_trimmed_1.fastq.gz
Approx 40% complete for ERR9638283_trimmed_1.fastq.gz
Approx 45% complete for ERR9638283_trimmed_1.fastq.gz
Approx 50% complete for ERR9638283_trimmed_1.fastq.gz
Approx 55% complete for ERR9638283_trimmed_1.fastq.gz
Approx 60% complete for ERR9638283_trimmed_1.fastq.gz
Approx 65% complete for ERR9638283_trimmed_1.fastq.gz
Approx 70% complete for ERR9638283_trimmed_1.fastq.gz
Approx 75% complete for ERR9638283_trimmed_1.fastq.gz
Approx 80% complete for ERR9638283_trimmed_1.fastq.gz
Approx 85% complete for ERR9638283_trimmed_1.fastq.gz
Approx 90% complete for ERR9638283_trimmed_1.fastq.gz
Approx 95% complete for ERR9638283_trimmed_1.fastq.gz
Analysis complete for ERR9638283_trimmed_1.fastq.gz
Started analysis of ERR9638283_trimmed_2.fastq.gz
Approx 5% complete for ERR9638283_trimmed_2.fastq.gz
Approx 10% complete for ERR9638283_trimmed_2.fastq.gz
Approx 15% complete for ERR9638283_trimmed_2.fastq.gz
Approx 20% complete for ERR9638283_trimmed_2.fastq.gz
Approx 25% complete for ERR9638283_trimmed_2.fastq.gz
Approx 30% complete for ERR9638283_trimmed_2.fastq.gz
Approx 35% complete for ERR9638283_trimmed_2.fastq.gz
Approx 40% complete for ERR9638283_trimmed_2.fastq.gz
Approx 45% complete for ERR9638283_trimmed_2.fastq.gz
Approx 50% complete for ERR9638283_trimmed_2.fastq.gz
Approx 55% complete for ERR9638283_trimmed_2.fastq.gz
Approx 60% complete for ERR9638283_trimmed_2.fastq.gz
Approx 65% complete for ERR9638283_trimmed_2.fastq.gz
Approx 70% complete for ERR9638283_trimmed_2.fastq.gz
Approx 75% complete for ERR9638283_trimmed_2.fastq.gz
Approx 80% complete for ERR9638283_trimmed_2.fastq.gz
Approx 85% complete for ERR9638283_trimmed_2.fastq.gz
Approx 90% complete for ERR9638283_trimmed_2.fastq.gz
Approx 95% complete for ERR9638283_trimmed_2.fastq.gz
Analysis complete for ERR9638283_trimmed_2.fastq.gz
Started analysis of ERR9638283_unpaired_1.fastq.gz
Approx 5% complete for ERR9638283_unpaired_1.fastq.gz
Approx 10% complete for ERR9638283_unpaired_1.fastq.gz
Approx 15% complete for ERR9638283_unpaired_1.fastq.gz
Approx 20% complete for ERR9638283_unpaired_1.fastq.gz
Approx 25% complete for ERR9638283_unpaired_1.fastq.gz
Approx 30% complete for ERR9638283_unpaired_1.fastq.gz
Approx 35% complete for ERR9638283_unpaired_1.fastq.gz
Approx 40% complete for ERR9638283_unpaired_1.fastq.gz
Approx 45% complete for ERR9638283_unpaired_1.fastq.gz
Approx 50% complete for ERR9638283_unpaired_1.fastq.gz
Approx 55% complete for ERR9638283_unpaired_1.fastq.gz
Approx 60% complete for ERR9638283_unpaired_1.fastq.gz
Approx 65% complete for ERR9638283_unpaired_1.fastq.gz
Approx 70% complete for ERR9638283_unpaired_1.fastq.gz
Approx 75% complete for ERR9638283_unpaired_1.fastq.gz
Approx 80% complete for ERR9638283_unpaired_1.fastq.gz
Approx 85% complete for ERR9638283_unpaired_1.fastq.gz
Approx 90% complete for ERR9638283_unpaired_1.fastq.gz
Approx 95% complete for ERR9638283_unpaired_1.fastq.gz
Analysis complete for ERR9638283_unpaired_1.fastq.gz
Started analysis of ERR9638283_unpaired_2.fastq.gz
Approx 5% complete for ERR9638283_unpaired_2.fastq.gz
Approx 10% complete for ERR9638283_unpaired_2.fastq.gz
Approx 15% complete for ERR9638283_unpaired_2.fastq.gz
Approx 20% complete for ERR9638283_unpaired_2.fastq.gz
Approx 25% complete for ERR9638283_unpaired_2.fastq.gz
Approx 30% complete for ERR9638283_unpaired_2.fastq.gz
Approx 35% complete for ERR9638283_unpaired_2.fastq.gz
Approx 40% complete for ERR9638283_unpaired_2.fastq.gz
Approx 45% complete for ERR9638283_unpaired_2.fastq.gz
Approx 50% complete for ERR9638283_unpaired_2.fastq.gz
Approx 55% complete for ERR9638283_unpaired_2.fastq.gz
Approx 60% complete for ERR9638283_unpaired_2.fastq.gz
Approx 65% complete for ERR9638283_unpaired_2.fastq.gz
Approx 70% complete for ERR9638283_unpaired_2.fastq.gz
Approx 75% complete for ERR9638283_unpaired_2.fastq.gz
Approx 80% complete for ERR9638283_unpaired_2.fastq.gz
Approx 85% complete for ERR9638283_unpaired_2.fastq.gz
Approx 90% complete for ERR9638283_unpaired_2.fastq.gz
Approx 95% complete for ERR9638283_unpaired_2.fastq.gz
Analysis complete for ERR9638283_unpaired_2.fastq.gz
Started analysis of ERR9638285_trimmed_1.fastq.gz
Approx 5% complete for ERR9638285_trimmed_1.fastq.gz
Approx 10% complete for ERR9638285_trimmed_1.fastq.gz
Approx 15% complete for ERR9638285_trimmed_1.fastq.gz
Approx 20% complete for ERR9638285_trimmed_1.fastq.gz
Approx 25% complete for ERR9638285_trimmed_1.fastq.gz
Approx 30% complete for ERR9638285_trimmed_1.fastq.gz
Approx 35% complete for ERR9638285_trimmed_1.fastq.gz
Approx 40% complete for ERR9638285_trimmed_1.fastq.gz
Approx 45% complete for ERR9638285_trimmed_1.fastq.gz
Approx 50% complete for ERR9638285_trimmed_1.fastq.gz
Approx 55% complete for ERR9638285_trimmed_1.fastq.gz
Approx 60% complete for ERR9638285_trimmed_1.fastq.gz
Approx 65% complete for ERR9638285_trimmed_1.fastq.gz
Approx 70% complete for ERR9638285_trimmed_1.fastq.gz
Approx 75% complete for ERR9638285_trimmed_1.fastq.gz
Approx 80% complete for ERR9638285_trimmed_1.fastq.gz
Approx 85% complete for ERR9638285_trimmed_1.fastq.gz
Approx 90% complete for ERR9638285_trimmed_1.fastq.gz
Approx 95% complete for ERR9638285_trimmed_1.fastq.gz
Analysis complete for ERR9638285_trimmed_1.fastq.gz
Started analysis of ERR9638285_trimmed_2.fastq.gz
Approx 5% complete for ERR9638285_trimmed_2.fastq.gz
Approx 10% complete for ERR9638285_trimmed_2.fastq.gz
Approx 15% complete for ERR9638285_trimmed_2.fastq.gz
Approx 20% complete for ERR9638285_trimmed_2.fastq.gz
Approx 25% complete for ERR9638285_trimmed_2.fastq.gz
Approx 30% complete for ERR9638285_trimmed_2.fastq.gz
Approx 35% complete for ERR9638285_trimmed_2.fastq.gz
Approx 40% complete for ERR9638285_trimmed_2.fastq.gz
Approx 45% complete for ERR9638285_trimmed_2.fastq.gz
Approx 50% complete for ERR9638285_trimmed_2.fastq.gz
Approx 55% complete for ERR9638285_trimmed_2.fastq.gz
Approx 60% complete for ERR9638285_trimmed_2.fastq.gz
Approx 65% complete for ERR9638285_trimmed_2.fastq.gz
Approx 70% complete for ERR9638285_trimmed_2.fastq.gz
Approx 75% complete for ERR9638285_trimmed_2.fastq.gz
Approx 80% complete for ERR9638285_trimmed_2.fastq.gz
Approx 85% complete for ERR9638285_trimmed_2.fastq.gz
Approx 90% complete for ERR9638285_trimmed_2.fastq.gz
Approx 95% complete for ERR9638285_trimmed_2.fastq.gz
Analysis complete for ERR9638285_trimmed_2.fastq.gz
Started analysis of ERR9638285_unpaired_1.fastq.gz
Approx 5% complete for ERR9638285_unpaired_1.fastq.gz
Approx 10% complete for ERR9638285_unpaired_1.fastq.gz
Approx 15% complete for ERR9638285_unpaired_1.fastq.gz
Approx 20% complete for ERR9638285_unpaired_1.fastq.gz
Approx 25% complete for ERR9638285_unpaired_1.fastq.gz
Approx 30% complete for ERR9638285_unpaired_1.fastq.gz
Approx 35% complete for ERR9638285_unpaired_1.fastq.gz
Approx 40% complete for ERR9638285_unpaired_1.fastq.gz
Approx 45% complete for ERR9638285_unpaired_1.fastq.gz
Approx 50% complete for ERR9638285_unpaired_1.fastq.gz
Approx 55% complete for ERR9638285_unpaired_1.fastq.gz
Approx 60% complete for ERR9638285_unpaired_1.fastq.gz
Approx 65% complete for ERR9638285_unpaired_1.fastq.gz
Approx 70% complete for ERR9638285_unpaired_1.fastq.gz
Approx 75% complete for ERR9638285_unpaired_1.fastq.gz
Approx 80% complete for ERR9638285_unpaired_1.fastq.gz
Approx 85% complete for ERR9638285_unpaired_1.fastq.gz
Approx 90% complete for ERR9638285_unpaired_1.fastq.gz
Approx 95% complete for ERR9638285_unpaired_1.fastq.gz
Approx 100% complete for ERR9638285_unpaired_1.fastq.gz
Analysis complete for ERR9638285_unpaired_1.fastq.gz
Started analysis of ERR9638285_unpaired_2.fastq.gz
Approx 5% complete for ERR9638285_unpaired_2.fastq.gz
Approx 10% complete for ERR9638285_unpaired_2.fastq.gz
Approx 15% complete for ERR9638285_unpaired_2.fastq.gz
Approx 20% complete for ERR9638285_unpaired_2.fastq.gz
Approx 25% complete for ERR9638285_unpaired_2.fastq.gz
Approx 30% complete for ERR9638285_unpaired_2.fastq.gz
Approx 35% complete for ERR9638285_unpaired_2.fastq.gz
Approx 40% complete for ERR9638285_unpaired_2.fastq.gz
Approx 45% complete for ERR9638285_unpaired_2.fastq.gz
Approx 50% complete for ERR9638285_unpaired_2.fastq.gz
Approx 55% complete for ERR9638285_unpaired_2.fastq.gz
Approx 60% complete for ERR9638285_unpaired_2.fastq.gz
Approx 65% complete for ERR9638285_unpaired_2.fastq.gz
Approx 70% complete for ERR9638285_unpaired_2.fastq.gz
Approx 75% complete for ERR9638285_unpaired_2.fastq.gz
Approx 80% complete for ERR9638285_unpaired_2.fastq.gz
Approx 85% complete for ERR9638285_unpaired_2.fastq.gz
Approx 90% complete for ERR9638285_unpaired_2.fastq.gz
Approx 95% complete for ERR9638285_unpaired_2.fastq.gz
Analysis complete for ERR9638285_unpaired_2.fastq.gz
Started analysis of ERR9638286_trimmed_1.fastq.gz
Approx 5% complete for ERR9638286_trimmed_1.fastq.gz
Approx 10% complete for ERR9638286_trimmed_1.fastq.gz
Approx 15% complete for ERR9638286_trimmed_1.fastq.gz
Approx 20% complete for ERR9638286_trimmed_1.fastq.gz
Approx 25% complete for ERR9638286_trimmed_1.fastq.gz
Approx 30% complete for ERR9638286_trimmed_1.fastq.gz
Approx 35% complete for ERR9638286_trimmed_1.fastq.gz
Approx 40% complete for ERR9638286_trimmed_1.fastq.gz
Approx 45% complete for ERR9638286_trimmed_1.fastq.gz
Approx 50% complete for ERR9638286_trimmed_1.fastq.gz
Approx 55% complete for ERR9638286_trimmed_1.fastq.gz
Approx 60% complete for ERR9638286_trimmed_1.fastq.gz
Approx 65% complete for ERR9638286_trimmed_1.fastq.gz
Approx 70% complete for ERR9638286_trimmed_1.fastq.gz
Approx 75% complete for ERR9638286_trimmed_1.fastq.gz
Approx 80% complete for ERR9638286_trimmed_1.fastq.gz
Approx 85% complete for ERR9638286_trimmed_1.fastq.gz
Approx 90% complete for ERR9638286_trimmed_1.fastq.gz
Approx 95% complete for ERR9638286_trimmed_1.fastq.gz
Analysis complete for ERR9638286_trimmed_1.fastq.gz
Started analysis of ERR9638286_trimmed_2.fastq.gz
Approx 5% complete for ERR9638286_trimmed_2.fastq.gz
Approx 10% complete for ERR9638286_trimmed_2.fastq.gz
Approx 15% complete for ERR9638286_trimmed_2.fastq.gz
Approx 20% complete for ERR9638286_trimmed_2.fastq.gz
Approx 25% complete for ERR9638286_trimmed_2.fastq.gz
Approx 30% complete for ERR9638286_trimmed_2.fastq.gz
Approx 35% complete for ERR9638286_trimmed_2.fastq.gz
Approx 40% complete for ERR9638286_trimmed_2.fastq.gz
Approx 45% complete for ERR9638286_trimmed_2.fastq.gz
Approx 50% complete for ERR9638286_trimmed_2.fastq.gz
Approx 55% complete for ERR9638286_trimmed_2.fastq.gz
Approx 60% complete for ERR9638286_trimmed_2.fastq.gz
Approx 65% complete for ERR9638286_trimmed_2.fastq.gz
Approx 70% complete for ERR9638286_trimmed_2.fastq.gz
Approx 75% complete for ERR9638286_trimmed_2.fastq.gz
Approx 80% complete for ERR9638286_trimmed_2.fastq.gz
Approx 85% complete for ERR9638286_trimmed_2.fastq.gz
Approx 90% complete for ERR9638286_trimmed_2.fastq.gz
Approx 95% complete for ERR9638286_trimmed_2.fastq.gz
Analysis complete for ERR9638286_trimmed_2.fastq.gz
Started analysis of ERR9638286_unpaired_1.fastq.gz
Approx 5% complete for ERR9638286_unpaired_1.fastq.gz
Approx 10% complete for ERR9638286_unpaired_1.fastq.gz
Approx 15% complete for ERR9638286_unpaired_1.fastq.gz
Approx 20% complete for ERR9638286_unpaired_1.fastq.gz
Approx 25% complete for ERR9638286_unpaired_1.fastq.gz
Approx 30% complete for ERR9638286_unpaired_1.fastq.gz
Approx 35% complete for ERR9638286_unpaired_1.fastq.gz
Approx 40% complete for ERR9638286_unpaired_1.fastq.gz
Approx 45% complete for ERR9638286_unpaired_1.fastq.gz
Approx 50% complete for ERR9638286_unpaired_1.fastq.gz
Approx 55% complete for ERR9638286_unpaired_1.fastq.gz
Approx 60% complete for ERR9638286_unpaired_1.fastq.gz
Approx 65% complete for ERR9638286_unpaired_1.fastq.gz
Approx 70% complete for ERR9638286_unpaired_1.fastq.gz
Approx 75% complete for ERR9638286_unpaired_1.fastq.gz
Approx 80% complete for ERR9638286_unpaired_1.fastq.gz
Approx 85% complete for ERR9638286_unpaired_1.fastq.gz
Approx 90% complete for ERR9638286_unpaired_1.fastq.gz
Approx 95% complete for ERR9638286_unpaired_1.fastq.gz
Analysis complete for ERR9638286_unpaired_1.fastq.gz
Started analysis of ERR9638286_unpaired_2.fastq.gz
Approx 5% complete for ERR9638286_unpaired_2.fastq.gz
Approx 10% complete for ERR9638286_unpaired_2.fastq.gz
Approx 15% complete for ERR9638286_unpaired_2.fastq.gz
Approx 20% complete for ERR9638286_unpaired_2.fastq.gz
Approx 25% complete for ERR9638286_unpaired_2.fastq.gz
Approx 30% complete for ERR9638286_unpaired_2.fastq.gz
Approx 35% complete for ERR9638286_unpaired_2.fastq.gz
Approx 40% complete for ERR9638286_unpaired_2.fastq.gz
Approx 45% complete for ERR9638286_unpaired_2.fastq.gz
Approx 50% complete for ERR9638286_unpaired_2.fastq.gz
Approx 55% complete for ERR9638286_unpaired_2.fastq.gz
Approx 60% complete for ERR9638286_unpaired_2.fastq.gz
Approx 65% complete for ERR9638286_unpaired_2.fastq.gz
Approx 70% complete for ERR9638286_unpaired_2.fastq.gz
Approx 75% complete for ERR9638286_unpaired_2.fastq.gz
Approx 80% complete for ERR9638286_unpaired_2.fastq.gz
Approx 85% complete for ERR9638286_unpaired_2.fastq.gz
Approx 90% complete for ERR9638286_unpaired_2.fastq.gz
Approx 95% complete for ERR9638286_unpaired_2.fastq.gz
Analysis complete for ERR9638286_unpaired_2.fastq.gz
Started analysis of ERR9638287_trimmed_1.fastq.gz
Approx 5% complete for ERR9638287_trimmed_1.fastq.gz
Approx 10% complete for ERR9638287_trimmed_1.fastq.gz
Approx 15% complete for ERR9638287_trimmed_1.fastq.gz
Approx 20% complete for ERR9638287_trimmed_1.fastq.gz
Approx 25% complete for ERR9638287_trimmed_1.fastq.gz
Approx 30% complete for ERR9638287_trimmed_1.fastq.gz
Approx 35% complete for ERR9638287_trimmed_1.fastq.gz
Approx 40% complete for ERR9638287_trimmed_1.fastq.gz
Approx 45% complete for ERR9638287_trimmed_1.fastq.gz
Approx 50% complete for ERR9638287_trimmed_1.fastq.gz
Approx 55% complete for ERR9638287_trimmed_1.fastq.gz
Approx 60% complete for ERR9638287_trimmed_1.fastq.gz
Approx 65% complete for ERR9638287_trimmed_1.fastq.gz
Approx 70% complete for ERR9638287_trimmed_1.fastq.gz
Approx 75% complete for ERR9638287_trimmed_1.fastq.gz
Approx 80% complete for ERR9638287_trimmed_1.fastq.gz
Approx 85% complete for ERR9638287_trimmed_1.fastq.gz
Approx 90% complete for ERR9638287_trimmed_1.fastq.gz
Approx 95% complete for ERR9638287_trimmed_1.fastq.gz
Analysis complete for ERR9638287_trimmed_1.fastq.gz
Started analysis of ERR9638287_trimmed_2.fastq.gz
Approx 5% complete for ERR9638287_trimmed_2.fastq.gz
Approx 10% complete for ERR9638287_trimmed_2.fastq.gz
Approx 15% complete for ERR9638287_trimmed_2.fastq.gz
Approx 20% complete for ERR9638287_trimmed_2.fastq.gz
Approx 25% complete for ERR9638287_trimmed_2.fastq.gz
Approx 30% complete for ERR9638287_trimmed_2.fastq.gz
Approx 35% complete for ERR9638287_trimmed_2.fastq.gz
Approx 40% complete for ERR9638287_trimmed_2.fastq.gz
Approx 45% complete for ERR9638287_trimmed_2.fastq.gz
Approx 50% complete for ERR9638287_trimmed_2.fastq.gz
Approx 55% complete for ERR9638287_trimmed_2.fastq.gz
Approx 60% complete for ERR9638287_trimmed_2.fastq.gz
Approx 65% complete for ERR9638287_trimmed_2.fastq.gz
Approx 70% complete for ERR9638287_trimmed_2.fastq.gz
Approx 75% complete for ERR9638287_trimmed_2.fastq.gz
Approx 80% complete for ERR9638287_trimmed_2.fastq.gz
Approx 85% complete for ERR9638287_trimmed_2.fastq.gz
Approx 90% complete for ERR9638287_trimmed_2.fastq.gz
Approx 95% complete for ERR9638287_trimmed_2.fastq.gz
Analysis complete for ERR9638287_trimmed_2.fastq.gz
Started analysis of ERR9638287_unpaired_1.fastq.gz
Approx 5% complete for ERR9638287_unpaired_1.fastq.gz
Approx 10% complete for ERR9638287_unpaired_1.fastq.gz
Approx 15% complete for ERR9638287_unpaired_1.fastq.gz
Approx 20% complete for ERR9638287_unpaired_1.fastq.gz
Approx 25% complete for ERR9638287_unpaired_1.fastq.gz
Approx 30% complete for ERR9638287_unpaired_1.fastq.gz
Approx 35% complete for ERR9638287_unpaired_1.fastq.gz
Approx 40% complete for ERR9638287_unpaired_1.fastq.gz
Approx 45% complete for ERR9638287_unpaired_1.fastq.gz
Approx 50% complete for ERR9638287_unpaired_1.fastq.gz
Approx 55% complete for ERR9638287_unpaired_1.fastq.gz
Approx 60% complete for ERR9638287_unpaired_1.fastq.gz
Approx 65% complete for ERR9638287_unpaired_1.fastq.gz
Approx 70% complete for ERR9638287_unpaired_1.fastq.gz
Approx 75% complete for ERR9638287_unpaired_1.fastq.gz
Approx 80% complete for ERR9638287_unpaired_1.fastq.gz
Approx 85% complete for ERR9638287_unpaired_1.fastq.gz
Approx 90% complete for ERR9638287_unpaired_1.fastq.gz
Approx 95% complete for ERR9638287_unpaired_1.fastq.gz
Analysis complete for ERR9638287_unpaired_1.fastq.gz
Started analysis of ERR9638287_unpaired_2.fastq.gz
Approx 5% complete for ERR9638287_unpaired_2.fastq.gz
Approx 10% complete for ERR9638287_unpaired_2.fastq.gz
Approx 15% complete for ERR9638287_unpaired_2.fastq.gz
Approx 20% complete for ERR9638287_unpaired_2.fastq.gz
Approx 25% complete for ERR9638287_unpaired_2.fastq.gz
Approx 30% complete for ERR9638287_unpaired_2.fastq.gz
Approx 35% complete for ERR9638287_unpaired_2.fastq.gz
Approx 40% complete for ERR9638287_unpaired_2.fastq.gz
Approx 45% complete for ERR9638287_unpaired_2.fastq.gz
Approx 50% complete for ERR9638287_unpaired_2.fastq.gz
Approx 55% complete for ERR9638287_unpaired_2.fastq.gz
Approx 60% complete for ERR9638287_unpaired_2.fastq.gz
Approx 65% complete for ERR9638287_unpaired_2.fastq.gz
Approx 70% complete for ERR9638287_unpaired_2.fastq.gz
Approx 75% complete for ERR9638287_unpaired_2.fastq.gz
Approx 80% complete for ERR9638287_unpaired_2.fastq.gz
Approx 85% complete for ERR9638287_unpaired_2.fastq.gz
Approx 90% complete for ERR9638287_unpaired_2.fastq.gz
Approx 95% complete for ERR9638287_unpaired_2.fastq.gz
Analysis complete for ERR9638287_unpaired_2.fastq.gz
